0 info it worked if it ends with ok
1 verbose cli [ 'c:\\Program Files\\nodejs\\node.exe',
1 verbose cli   'c:\\Program Files\\nodejs\\node_modules\\npm\\bin\\npm-cli.js',
1 verbose cli   'install' ]
2 info using npm@1.4.28
3 info using node@v0.10.32
4 warn package.json CPASStoolkit@0.0.0 No repository field.
5 verbose readDependencies using package.json deps
6 verbose install where, deps [ 'e:\\cleanslate_themes\\cpass-toolkit',
6 verbose install   [ 'gulp',
6 verbose install     'bower',
6 verbose install     'gulp-concat',
6 verbose install     'main-bower-files',
6 verbose install     'gulp-jshint',
6 verbose install     'jshint-stylish',
6 verbose install     'compass-options',
6 verbose install     'browser-sync',
6 verbose install     'gulp-shell',
6 verbose install     'gulp-minify-css',
6 verbose install     'gulp-watch',
6 verbose install     'gulp-filter' ] ]
7 info preinstall CPASStoolkit@0.0.0
8 verbose readDependencies using package.json deps
9 verbose already installed skipping gulp@^3.6.0 e:\cleanslate_themes\cpass-toolkit
10 verbose already installed skipping bower@^1.3.11 e:\cleanslate_themes\cpass-toolkit
11 verbose already installed skipping gulp-concat@^2.4.1 e:\cleanslate_themes\cpass-toolkit
12 verbose already installed skipping main-bower-files@^2.0.0 e:\cleanslate_themes\cpass-toolkit
13 verbose already installed skipping gulp-jshint@^1.5.1 e:\cleanslate_themes\cpass-toolkit
14 verbose already installed skipping jshint-stylish@^0.1.5 e:\cleanslate_themes\cpass-toolkit
15 verbose already installed skipping compass-options@^0.1.1 e:\cleanslate_themes\cpass-toolkit
16 verbose already installed skipping browser-sync@^0.7.4 e:\cleanslate_themes\cpass-toolkit
17 verbose already installed skipping gulp-shell@^0.2.4 e:\cleanslate_themes\cpass-toolkit
18 verbose cache add [ 'gulp-minify-css@^0.10', null ]
19 verbose cache add name=undefined spec="gulp-minify-css@^0.10" args=["gulp-minify-css@^0.10",null]
20 verbose parsed url { protocol: null,
20 verbose parsed url   slashes: null,
20 verbose parsed url   auth: null,
20 verbose parsed url   host: null,
20 verbose parsed url   port: null,
20 verbose parsed url   hostname: null,
20 verbose parsed url   hash: null,
20 verbose parsed url   search: null,
20 verbose parsed url   query: null,
20 verbose parsed url   pathname: 'gulp-minify-css@^0.10',
20 verbose parsed url   path: 'gulp-minify-css@^0.10',
20 verbose parsed url   href: 'gulp-minify-css@^0.10' }
21 verbose already installed skipping gulp-watch@^1.0.7 e:\cleanslate_themes\cpass-toolkit
22 verbose cache add [ 'gulp-filter@^1.0.2', null ]
23 verbose cache add name=undefined spec="gulp-filter@^1.0.2" args=["gulp-filter@^1.0.2",null]
24 verbose parsed url { protocol: null,
24 verbose parsed url   slashes: null,
24 verbose parsed url   auth: null,
24 verbose parsed url   host: null,
24 verbose parsed url   port: null,
24 verbose parsed url   hostname: null,
24 verbose parsed url   hash: null,
24 verbose parsed url   search: null,
24 verbose parsed url   query: null,
24 verbose parsed url   pathname: 'gulp-filter@^1.0.2',
24 verbose parsed url   path: 'gulp-filter@^1.0.2',
24 verbose parsed url   href: 'gulp-filter@^1.0.2' }
25 verbose cache add name="gulp-minify-css" spec="^0.10" args=["gulp-minify-css","^0.10"]
26 verbose parsed url { protocol: null,
26 verbose parsed url   slashes: null,
26 verbose parsed url   auth: null,
26 verbose parsed url   host: null,
26 verbose parsed url   port: null,
26 verbose parsed url   hostname: null,
26 verbose parsed url   hash: null,
26 verbose parsed url   search: null,
26 verbose parsed url   query: null,
26 verbose parsed url   pathname: '^0.10',
26 verbose parsed url   path: '^0.10',
26 verbose parsed url   href: '^0.10' }
27 verbose addNamed [ 'gulp-minify-css', '^0.10' ]
28 verbose addNamed [ null, '>=0.10.0-0 <0.11.0-0' ]
29 verbose cache add name="gulp-filter" spec="^1.0.2" args=["gulp-filter","^1.0.2"]
30 verbose parsed url { protocol: null,
30 verbose parsed url   slashes: null,
30 verbose parsed url   auth: null,
30 verbose parsed url   host: null,
30 verbose parsed url   port: null,
30 verbose parsed url   hostname: null,
30 verbose parsed url   hash: null,
30 verbose parsed url   search: null,
30 verbose parsed url   query: null,
30 verbose parsed url   pathname: '^1.0.2',
30 verbose parsed url   path: '^1.0.2',
30 verbose parsed url   href: '^1.0.2' }
31 verbose addNamed [ 'gulp-filter', '^1.0.2' ]
32 verbose addNamed [ null, '>=1.0.2-0 <2.0.0-0' ]
33 silly lockFile 3e55df5c-gulp-minify-css-0-10 gulp-minify-css@^0.10
34 verbose lock gulp-minify-css@^0.10 C:\Users\jsmith85\AppData\Roaming\npm-cache\3e55df5c-gulp-minify-css-0-10.lock
35 silly lockFile 360e1b96-gulp-filter-1-0-2 gulp-filter@^1.0.2
36 verbose lock gulp-filter@^1.0.2 C:\Users\jsmith85\AppData\Roaming\npm-cache\360e1b96-gulp-filter-1-0-2.lock
37 silly addNameRange { name: 'gulp-minify-css',
37 silly addNameRange   range: '>=0.10.0-0 <0.11.0-0',
37 silly addNameRange   hasData: false }
38 silly addNameRange { name: 'gulp-filter',
38 silly addNameRange   range: '>=1.0.2-0 <2.0.0-0',
38 silly addNameRange   hasData: false }
39 verbose request where is /gulp-filter
40 verbose request registry https://registry.npmjs.org/
41 verbose request id 78b32ec53582f2fa
42 verbose url raw /gulp-filter
43 verbose url resolving [ 'https://registry.npmjs.org/', './gulp-filter' ]
44 verbose url resolved https://registry.npmjs.org/gulp-filter
45 verbose request where is https://registry.npmjs.org/gulp-filter
46 info trying registry request attempt 1 at 15:11:47
47 http GET https://registry.npmjs.org/gulp-filter
48 verbose request where is /gulp-minify-css
49 verbose request registry https://registry.npmjs.org/
50 verbose url raw /gulp-minify-css
51 verbose url resolving [ 'https://registry.npmjs.org/', './gulp-minify-css' ]
52 verbose url resolved https://registry.npmjs.org/gulp-minify-css
53 verbose request where is https://registry.npmjs.org/gulp-minify-css
54 info trying registry request attempt 1 at 15:11:47
55 verbose etag "4YAVKNBQ71ZZBDP262FVY720P"
56 http GET https://registry.npmjs.org/gulp-minify-css
57 http 304 https://registry.npmjs.org/gulp-minify-css
58 silly registry.get cb [ 304,
58 silly registry.get   { date: 'Fri, 26 Sep 2014 19:11:47 GMT',
58 silly registry.get     server: 'Apache',
58 silly registry.get     via: '1.1 varnish',
58 silly registry.get     'last-modified': 'Fri, 26 Sep 2014 19:11:47 GMT',
58 silly registry.get     'cache-control': 'max-age=60',
58 silly registry.get     etag: '"4YAVKNBQ71ZZBDP262FVY720P"',
58 silly registry.get     'x-served-by': 'cache-jfk1020-JFK',
58 silly registry.get     'x-cache': 'HIT',
58 silly registry.get     'x-cache-hits': '1',
58 silly registry.get     'x-timer': 'S1411758707.542937,VS0,VE15',
58 silly registry.get     vary: 'Accept',
58 silly registry.get     'content-length': '0',
58 silly registry.get     'keep-alive': 'timeout=10, max=50',
58 silly registry.get     connection: 'Keep-Alive' } ]
59 verbose etag https://registry.npmjs.org/gulp-minify-css from cache
60 http 200 https://registry.npmjs.org/gulp-filter
61 silly registry.get cb [ 200,
61 silly registry.get   { date: 'Fri, 26 Sep 2014 19:11:47 GMT',
61 silly registry.get     server: 'CouchDB/1.5.0 (Erlang OTP/R16B03)',
61 silly registry.get     etag: '"C6XTBP2GGD2M08OABFOE2LXU"',
61 silly registry.get     'content-type': 'application/json',
61 silly registry.get     'cache-control': 'max-age=60',
61 silly registry.get     'content-length': '19731',
61 silly registry.get     'accept-ranges': 'bytes',
61 silly registry.get     via: '1.1 varnish',
61 silly registry.get     age: '1897',
61 silly registry.get     'x-served-by': 'cache-jfk1029-JFK',
61 silly registry.get     'x-cache': 'HIT',
61 silly registry.get     'x-cache-hits': '1',
61 silly registry.get     'x-timer': 'S1411758707.541218,VS0,VE0',
61 silly registry.get     vary: 'Accept',
61 silly registry.get     'keep-alive': 'timeout=10, max=50',
61 silly registry.get     connection: 'Keep-Alive' } ]
62 silly addNameRange number 2 { name: 'gulp-minify-css',
62 silly addNameRange   range: '>=0.10.0-0 <0.11.0-0',
62 silly addNameRange   hasData: true }
63 silly addNameRange versions [ 'gulp-minify-css',
63 silly addNameRange   [ '0.0.1',
63 silly addNameRange     '0.1.0',
63 silly addNameRange     '0.2.0',
63 silly addNameRange     '0.3.0',
63 silly addNameRange     '0.3.1',
63 silly addNameRange     '0.3.2',
63 silly addNameRange     '0.3.3',
63 silly addNameRange     '0.3.4',
63 silly addNameRange     '0.3.5',
63 silly addNameRange     '0.3.6',
63 silly addNameRange     '0.3.7',
63 silly addNameRange     '0.3.8',
63 silly addNameRange     '0.3.9',
63 silly addNameRange     '0.3.10' ] ]
64 silly lockFile 3e55df5c-gulp-minify-css-0-10 gulp-minify-css@^0.10
65 silly lockFile 3e55df5c-gulp-minify-css-0-10 gulp-minify-css@^0.10
66 silly addNameRange number 2 { name: 'gulp-filter',
66 silly addNameRange   range: '>=1.0.2-0 <2.0.0-0',
66 silly addNameRange   hasData: true }
67 silly addNameRange versions [ 'gulp-filter',
67 silly addNameRange   [ '0.1.0',
67 silly addNameRange     '0.1.1',
67 silly addNameRange     '0.2.0',
67 silly addNameRange     '0.2.1',
67 silly addNameRange     '0.3.0',
67 silly addNameRange     '0.3.1',
67 silly addNameRange     '0.4.0',
67 silly addNameRange     '0.4.1',
67 silly addNameRange     '0.5.0',
67 silly addNameRange     '0.5.1',
67 silly addNameRange     '1.0.0',
67 silly addNameRange     '1.0.1',
67 silly addNameRange     '1.0.2' ] ]
68 verbose addNamed [ 'gulp-filter', '1.0.2' ]
69 verbose addNamed [ '1.0.2', '1.0.2' ]
70 silly lockFile c3454c8d-gulp-filter-1-0-2 gulp-filter@1.0.2
71 verbose lock gulp-filter@1.0.2 C:\Users\jsmith85\AppData\Roaming\npm-cache\c3454c8d-gulp-filter-1-0-2.lock
72 silly lockFile a918fb96-ulp-filter-gulp-filter-1-0-2-tgz https://registry.npmjs.org/gulp-filter/-/gulp-filter-1.0.2.tgz
73 verbose lock https://registry.npmjs.org/gulp-filter/-/gulp-filter-1.0.2.tgz C:\Users\jsmith85\AppData\Roaming\npm-cache\a918fb96-ulp-filter-gulp-filter-1-0-2-tgz.lock
74 verbose addRemoteTarball [ 'https://registry.npmjs.org/gulp-filter/-/gulp-filter-1.0.2.tgz',
74 verbose addRemoteTarball   'f7d8c6f58fb5e200f11540fe0758d92c48b06bd7' ]
75 info retry fetch attempt 1 at 15:11:47
76 verbose fetch to= C:\Users\jsmith85\AppData\Local\Temp\npm-10940-C5YeezCm\registry.npmjs.org\gulp-filter\-\gulp-filter-1.0.2.tgz
77 http GET https://registry.npmjs.org/gulp-filter/-/gulp-filter-1.0.2.tgz
78 http 200 https://registry.npmjs.org/gulp-filter/-/gulp-filter-1.0.2.tgz
79 silly lockFile a918fb96-ulp-filter-gulp-filter-1-0-2-tgz https://registry.npmjs.org/gulp-filter/-/gulp-filter-1.0.2.tgz
80 silly lockFile a918fb96-ulp-filter-gulp-filter-1-0-2-tgz https://registry.npmjs.org/gulp-filter/-/gulp-filter-1.0.2.tgz
81 silly lockFile c3454c8d-gulp-filter-1-0-2 gulp-filter@1.0.2
82 silly lockFile c3454c8d-gulp-filter-1-0-2 gulp-filter@1.0.2
83 silly lockFile 360e1b96-gulp-filter-1-0-2 gulp-filter@^1.0.2
84 silly lockFile 360e1b96-gulp-filter-1-0-2 gulp-filter@^1.0.2
85 error notarget No compatible version found: gulp-minify-css@'>=0.10.0-0 <0.11.0-0'
85 error notarget Valid install targets:
85 error notarget ["0.0.1","0.1.0","0.2.0","0.3.0","0.3.1","0.3.2","0.3.3","0.3.4","0.3.5","0.3.6","0.3.7","0.3.8","0.3.9","0.3.10"]
85 error notarget
85 error notarget This is most likely not a problem with npm itself.
85 error notarget In most cases you or one of your dependencies are requesting
85 error notarget a package version that doesn't exist.
86 error System Windows_NT 6.2.9200
87 error command "c:\\Program Files\\nodejs\\node.exe" "c:\\Program Files\\nodejs\\node_modules\\npm\\bin\\npm-cli.js" "install"
88 error cwd e:\cleanslate_themes\cpass-toolkit
89 error node -v v0.10.32
90 error npm -v 1.4.28
91 error code ETARGET
92 verbose exit [ 1, true ]
